0 1 2139062143 2139062143 2139062143 2139062143 2139062143 2139062143 2139062143 2139062143 2139062143 2139062143 2139062143 2139062143 2139062143 2139062143 2139062143 2139062143 2139062143 2139062143 2139062143 
0 1 4 2139062143 2139062143 2139062143 2139062143 2139062143 2139062143 2139062143 2139062143 2139062143 2139062143 2139062143 2139062143 2139062143 2139062143 2139062143 2139062143 2139062143 2139062143 
0 1 4 17 2139062143 2139062143 2139062143 2139062143 2139062143 2139062143 2139062143 2139062143 2139062143 2139062143 2139062143 2139062143 2139062143 2139062143 2139062143 2139062143 2139062143 
0 1 4 17 24 2139062143 2139062143 2139062143 2139062143 2139062143 2139062143 2139062143 2139062143 2139062143 2139062143 2139062143 2139062143 2139062143 2139062143 2139062143 2139062143 
0 1 4 16 18 25 2139062143 2139062143 2139062143 2139062143 2139062143 2139062143 2139062143 2139062143 2139062143 2139062143 2139062143 2139062143 2139062143 2139062143 2139062143 
0 1 4 5 17 19 2139062143 2139062143 2139062143 2139062143 2139062143 2139062143 2139062143 2139062143 2139062143 2139062143 2139062143 2139062143 2139062143 2139062143 2139062143 
0 1 2 5 6 18 20 2139062143 2139062143 2139062143 2139062143 2139062143 2139062143 2139062143 2139062143 2139062143 2139062143 2139062143 2139062143 2139062143 2139062143 
0 1 2 5 6 8 19 21 2139062143 2139062143 2139062143 2139062143 2139062143 2139062143 2139062143 2139062143 2139062143 2139062143 2139062143 2139062143 2139062143 
0 1 2 5 6 8 19 21 27 2139062143 2139062143 2139062143 2139062143 2139062143 2139062143 2139062143 2139062143 2139062143 2139062143 2139062143 2139062143 
0 1 2 3 6 7 9 20 22 2139062143 2139062143 2139062143 2139062143 2139062143 2139062143 2139062143 2139062143 2139062143 2139062143 2139062143 2139062143 
0 1 2 3 4 7 8 20 22 2139062143 2139062143 2139062143 2139062143 2139062143 2139062143 2139062143 2139062143 2139062143 2139062143 2139062143 2139062143 
0 1 2 3 4 7 8 15 21 23 2139062143 2139062143 2139062143 2139062143 2139062143 2139062143 2139062143 2139062143 2139062143 2139062143 2139062143 
0 1 2 3 4 7 8 9 16 23 2139062143 2139062143 2139062143 2139062143 2139062143 2139062143 2139062143 2139062143 2139062143 2139062143 2139062143 
0 1 2 3 4 7 8 9 10 17 24 2139062143 2139062143 2139062143 2139062143 2139062143 2139062143 2139062143 2139062143 2139062143 2139062143 
0 1 2 3 4 7 8 9 10 13 18 25 2139062143 2139062143 2139062143 2139062143 2139062143 2139062143 2139062143 2139062143 2139062143 
0 1 2 3 4 7 8 9 10 11 18 25 2139062143 2139062143 2139062143 2139062143 2139062143 2139062143 2139062143 2139062143 2139062143 
0 1 2 3 4 5 8 9 10 11 18 25 2139062143 2139062143 2139062143 2139062143 2139062143 2139062143 2139062143 2139062143 2139062143 
0 1 2 3 4 5 8 9 10 11 12 19 26 2139062143 2139062143 2139062143 2139062143 2139062143 2139062143 2139062143 2139062143 
0 1 2 3 4 5 8 9 10 11 12 19 20 27 2139062143 2139062143 2139062143 2139062143 2139062143 2139062143 2139062143 
0 1 2 3 4 5 8 9 10 11 12 13 20 21 28 2139062143 2139062143 2139062143 2139062143 2139062143 2139062143 
14