2250000
2247001
2244004
2241009
2238016
2235025
2232036
2229049
2226064
2223081
2220100
2217121
2214144
2211169
2208196
2205225
2202256
2199289
2196324
2193361
2190400
2187441
2184484
2181529
2178576
2175625
2172676
2169729
2166784
2163841
2160900
2157961
2155024
2152089
2149156
2146225
2143296
2140369
2137444
2134521
2131600
2128681
2125764
2122849
2119936
2117025
2114116
2111209
2108304
2105401
2102500
2099601
2096704
2093809
2090916
2088025
2085136
2082249
2079364
2076481
2073600
2070721
2067844
2064969
2062096
2059225
2056356
2053489
2050624
2047761
2044900
2042041
2039184
2036329
2033476
2030625
2027776
2024929
2022084
2019241
2016400
2013561
2010724
2007889
2005056
2002225
1999396
1996569
1993744
1990921
1988100
1985281
1982464
1979649
1976836
1974025
1971216
1968409
1965604
1962801
1960000
1957201
1954404
1951609
1948816
1946025
1943236
1940449
1937664
1934881
1932100
1929321
1926544
1923769
1920996
1918225
1915456
1912689
1909924
1907161
1904400
1901641
1898884
1896129
1893376
1890625
1887876
1885129
1882384
1879641
1876900
1874161
1871424
1868689
1865956
1863225
1860496
1857769
1855044
1852321
1849600
1846881
1844164
1841449
1838736
1836025
1833316
1830609
1827904
1825201
1822500
1819801
1817104
1814409
1811716
1809025
1806336
1803649
1800964
1798281
1795600
1792921
1790244
1787569
1784896
1782225
1779556
1776889
1774224
1771561
1768900
1766241
1763584
1760929
1758276
1755625
1752976
1750329
1747684
1745041
1742400
1739761
1737124
1734489
1731856
1729225
1726596
1723969
1721344
1718721
1716100
1713481
1710864
1708249
1705636
1703025
1700416
1697809
1695204
1692601
1690000
1687401
1684804
1682209
1679616
1677025
1674436
1671849
1669264
1666681
1664100
1661521
1658944
1656369
1653796
1651225
1648656
1646089
1643524
1640961
1638400
1635841
1633284
1630729
1628176
1625625
1623076
1620529
1617984
1615441
1612900
1610361
1607824
1605289
1602756
1600225
1597696
1595169
1592644
1590121
1587600
1585081
1582564
1580049
1577536
1575025
1572516
1570009
1567504
1565001
1562500
1560001
1557504
1555009
1552516
1550025
1547536
1545049
1542564
1540081
1537600
1535121
1532644
1530169
1527696
1525225
1522756
1520289
1517824
1515361
1512900
1510441
1507984
1505529
1503076
1500625
1498176
1495729
1493284
1490841
1488400
1485961
1483524
1481089
1478656
1476225
1473796
1471369
1468944
1466521
1464100
1461681
1459264
1456849
1454436
1452025
1449616
1447209
1444804
1442401
1440000
1437601
1435204
1432809
1430416
1428025
1425636
1423249
1420864
1418481
1416100
1413721
1411344
1408969
1406596
1404225
1401856
1399489
1397124
1394761
1392400
1390041
1387684
1385329
1382976
1380625
1378276
1375929
1373584
1371241
1368900
1366561
1364224
1361889
1359556
1357225
1354896
1352569
1350244
1347921
1345600
1343281
1340964
1338649
1336336
1334025
1331716
1329409
1327104
1324801
1322500
1320201
1317904
1315609
1313316
1311025
1308736
1306449
1304164
1301881
1299600
1297321
1295044
1292769
1290496
1288225
1285956
1283689
1281424
1279161
1276900
1274641
1272384
1270129
1267876
1265625
1263376
1261129
1258884
1256641
1254400
1252161
1249924
1247689
1245456
1243225
1240996
1238769
1236544
1234321
1232100
1229881
1227664
1225449
1223236
1221025
1218816
1216609
1214404
1212201
1210000
1207801
1205604
1203409
1201216
1199025
1196836
1194649
1192464
1190281
1188100
1185921
1183744
1181569
1179396
1177225
1175056
1172889
1170724
1168561
1166400
1164241
1162084
1159929
1157776
1155625
1153476
1151329
1149184
1147041
1144900
1142761
1140624
1138489
1136356
1134225
1132096
1129969
1127844
1125721
1123600
1121481
1119364
1117249
1115136
1113025
1110916
1108809
1106704
1104601
1102500
1100401
1098304
1096209
1094116
1092025
1089936
1087849
1085764
1083681
1081600
1079521
1077444
1075369
1073296
1071225
1069156
1067089
1065024
1062961
1060900
1058841
1056784
1054729
1052676
1050625
1048576
1046529
1044484
1042441
1040400
1038361
1036324
1034289
1032256
1030225
1028196
1026169
1024144
1022121
1020100
1018081
1016064
1014049
1012036
1010025
1008016
1006009
1004004
1002001
1000000
998001
996004
994009
992016
990025
988036
986049
984064
982081
980100
978121
976144
974169
972196
970225
968256
966289
964324
962361
960400
958441
956484
954529
952576
950625
948676
946729
944784
942841
940900
938961
937024
935089
933156
931225
929296
927369
925444
923521
921600
919681
917764
915849
913936
912025
910116
908209
906304
904401
902500
900601
898704
896809
894916
893025
891136
889249
887364
885481
883600
881721
879844
877969
876096
874225
872356
870489
868624
866761
864900
863041
861184
859329
857476
855625
853776
851929
850084
848241
846400
844561
842724
840889
839056
837225
835396
833569
831744
829921
828100
826281
824464
822649
820836
819025
817216
815409
813604
811801
810000
808201
806404
804609
802816
801025
799236
797449
795664
793881
792100
790321
788544
786769
784996
783225
781456
779689
777924
776161
774400
772641
770884
769129
767376
765625
763876
762129
760384
758641
756900
755161
753424
751689
749956
748225
746496
744769
743044
741321
739600
737881
736164
734449
732736
731025
729316
727609
725904
724201
722500
720801
719104
717409
715716
714025
712336
710649
708964
707281
705600
703921
702244
700569
698896
697225
695556
693889
692224
690561
688900
687241
685584
683929
682276
680625
678976
677329
675684
674041
672400
670761
669124
667489
665856
664225
662596
660969
659344
657721
656100
654481
652864
651249
649636
648025
646416
644809
643204
641601
640000
638401
636804
635209
633616
632025
630436
628849
627264
625681
624100
622521
620944
619369
617796
616225
614656
613089
611524
609961
608400
606841
605284
603729
602176
600625
599076
597529
595984
594441
592900
591361
589824
588289
586756
585225
583696
582169
580644
579121
577600
576081
574564
573049
571536
570025
568516
567009
565504
564001
562500
561001
559504
558009
556516
555025
553536
552049
550564
549081
547600
546121
544644
543169
541696
540225
538756
537289
535824
534361
532900
531441
529984
528529
527076
525625
524176
522729
521284
519841
518400
516961
515524
514089
512656
511225
509796
508369
506944
505521
504100
502681
501264
499849
498436
497025
495616
494209
492804
491401
490000
488601
487204
485809
484416
483025
481636
480249
478864
477481
476100
474721
473344
471969
470596
469225
467856
466489
465124
463761
462400
461041
459684
458329
456976
455625
454276
452929
451584
450241
448900
447561
446224
444889
443556
442225
440896
439569
438244
436921
435600
434281
432964
431649
430336
429025
427716
426409
425104
423801
422500
421201
419904
418609
417316
416025
414736
413449
412164
410881
409600
408321
407044
405769
404496
403225
401956
400689
399424
398161
396900
395641
394384
393129
391876
390625
389376
388129
386884
385641
384400
383161
381924
380689
379456
378225
376996
375769
374544
373321
372100
370881
369664
368449
367236
366025
364816
363609
362404
361201
360000
358801
357604
356409
355216
354025
352836
351649
350464
349281
348100
346921
345744
344569
343396
342225
341056
339889
338724
337561
336400
335241
334084
332929
331776
330625
329476
328329
327184
326041
324900
323761
322624
321489
320356
319225
318096
316969
315844
314721
313600
312481
311364
310249
309136
308025
306916
305809
304704
303601
302500
301401
300304
299209
298116
297025
295936
294849
293764
292681
291600
290521
289444
288369
287296
286225
285156
284089
283024
281961
280900
279841
278784
277729
276676
275625
274576
273529
272484
271441
270400
269361
268324
267289
266256
265225
264196
263169
262144
261121
260100
259081
258064
257049
256036
255025
254016
253009
252004
251001
250000
249001
248004
247009
246016
245025
244036
243049
242064
241081
240100
239121
238144
237169
236196
235225
234256
233289
232324
231361
230400
229441
228484
227529
226576
225625
224676
223729
222784
221841
220900
219961
219024
218089
217156
216225
215296
214369
213444
212521
211600
210681
209764
208849
207936
207025
206116
205209
204304
203401
202500
201601
200704
199809
198916
198025
197136
196249
195364
194481
193600
192721
191844
190969
190096
189225
188356
187489
186624
185761
184900
184041
183184
182329
181476
180625
179776
178929
178084
177241
176400
175561
174724
173889
173056
172225
171396
170569
169744
168921
168100
167281
166464
165649
164836
164025
163216
162409
161604
160801
160000
159201
158404
157609
156816
156025
155236
154449
153664
152881
152100
151321
150544
149769
148996
148225
147456
146689
145924
145161
144400
143641
142884
142129
141376
140625
139876
139129
138384
137641
136900
136161
135424
134689
133956
133225
132496
131769
131044
130321
129600
128881
128164
127449
126736
126025
125316
124609
123904
123201
122500
121801
121104
120409
119716
119025
118336
117649
116964
116281
115600
114921
114244
113569
112896
112225
111556
110889
110224
109561
108900
108241
107584
106929
106276
105625
104976
104329
103684
103041
102400
101761
101124
100489
99856
99225
98596
97969
97344
96721
96100
95481
94864
94249
93636
93025
92416
91809
91204
90601
90000
89401
88804
88209
87616
87025
86436
85849
85264
84681
84100
83521
82944
82369
81796
81225
80656
80089
79524
78961
78400
77841
77284
76729
76176
75625
75076
74529
73984
73441
72900
72361
71824
71289
70756
70225
69696
69169
68644
68121
67600
67081
66564
66049
65536
65025
64516
64009
63504
63001
62500
62001
61504
61009
60516
60025
59536
59049
58564
58081
57600
57121
56644
56169
55696
55225
54756
54289
53824
53361
52900
52441
51984
51529
51076
50625
50176
49729
49284
48841
48400
47961
47524
47089
46656
46225
45796
45369
44944
44521
44100
43681
43264
42849
42436
42025
41616
41209
40804
40401
40000
39601
39204
38809
38416
38025
37636
37249
36864
36481
36100
35721
35344
34969
34596
34225
33856
33489
33124
32761
32400
32041
31684
31329
30976
30625
30276
29929
29584
29241
28900
28561
28224
27889
27556
27225
26896
26569
26244
25921
25600
25281
24964
24649
24336
24025
23716
23409
23104
22801
22500
22201
21904
21609
21316
21025
20736
20449
20164
19881
19600
19321
19044
18769
18496
18225
17956
17689
17424
17161
16900
16641
16384
16129
15876
15625
15376
15129
14884
14641
14400
14161
13924
13689
13456
13225
12996
12769
12544
12321
12100
11881
11664
11449
11236
11025
10816
10609
10404
10201
10000
9801
9604
9409
9216
9025
8836
8649
8464
8281
8100
7921
7744
7569
7396
7225
7056
6889
6724
6561
6400
6241
6084
5929
5776
5625
5476
5329
5184
5041
4900
4761
4624
4489
4356
4225
4096
3969
3844
3721
3600
3481
3364
3249
3136
3025
2916
2809
2704
2601
2500
2401
2304
2209
2116
2025
1936
1849
1764
1681
1600
1521
1444
1369
1296
1225
1156
1089
1024
961
900
841
784
729
676
625
576
529
484
441
400
361
324
289
256
225
196
169
144
121
100
81
64
49
36
25
16
9
4
1
